Build started 7/26/2022 10:22:10 PM.
Logging verbosity is set to: Normal.     1>Project "D:\git\repos\carmel_siryn\carmel_siryn\controlProtocol\WinLibTest\controlProtocolLibTest\controlProtocolLibTest.vcxproj" on node 2 (Build target(s)).
     1>InitializeBuildStatus:
         Touching "x64\Debug\controlP.d7cc8788.tlog\unsuccessfulbuild".
       ClCompile:
         D:\Program Files\Microsoft Visual Studio\2022\Community\VC\Tools\MSVC\14.32.31326\bin\HostX64\x64\CL.exe /c /ZI /JMC /nologo /W3 /WX- /diagnostics:column /sdl /Od /D _DEBUG /D _CONSOLE /D _UNICODE /D UNICODE /Gm- /EHsc /RTC1 /MDd /GS /fp:precise /Zc:wchar_t /Zc:forScope /Zc:inline /permissive- /Fo"x64\Debug\\" /Fd"x64\Debug\vc143.pdb" /external:W3 /Gd /TP /FC /errorReport:prompt controlProtocolLibTest.cpp
         controlProtocolLibTest.cpp
     1>D:\git\repos\carmel_siryn\carmel_siryn\controlProtocol\WinLibTest\controlProtocolLibTest\controlProtocolLibTest.cpp(3,10): fatal error C1083: Cannot open include file: 'controlProtocol_lib.h': No such file or directory
     1>Done Building Project "D:\git\repos\carmel_siryn\carmel_siryn\controlProtocol\WinLibTest\controlProtocolLibTest\controlProtocolLibTest.vcxproj" (Build target(s)) -- FAILED.

Build FAILED.

       "D:\git\repos\carmel_siryn\carmel_siryn\controlProtocol\WinLibTest\controlProtocolLibTest\controlProtocolLibTest.vcxproj" (Build target) (1) ->
       (ClCompile target) -> 
         D:\git\repos\carmel_siryn\carmel_siryn\controlProtocol\WinLibTest\controlProtocolLibTest\controlProtocolLibTest.cpp(3,10): fatal error C1083: Cannot open include file: 'controlProtocol_lib.h': No such file or directory

    0 Warning(s)
    1 Error(s)

Time Elapsed 00:00:01.03
